<?xml version='1.0' encoding='UTF-8'?>
<testsuite hostname="MythagoForest.local" name="cdme.compiler.PathCompilerSpec" tests="13" errors="0" failures="0" skipped="0" time="0.051" timestamp="2026-02-20T20:07:30">
          <properties>
[...]
</properties>
          <testcase classname="cdme.compiler.PathCompilerSpec" name="REQ-F-LDM-003: valid single-step path compiles successfully" time="0.043">
                      
                    </testcase><testcase classname="cdme.compiler.PathCompilerSpec" name="REQ-F-LDM-003: valid multi-step path compiles successfully" time="0.0">
                      
                    </testcase><testcase classname="cdme.compiler.PathCompilerSpec" name="REQ-F-LDM-003: missing morphism is rejected with MorphismNotFound" time="0.001">
                      
                    </testcase><testcase classname="cdme.compiler.PathCompilerSpec" name="REQ-F-LDM-003: missing source entity is rejected" time="0.0">
                      
                    </testcase><testcase classname="cdme.compiler.PathCompilerSpec" name="REQ-F-LDM-003: empty path is rejected" time="0.0">
                      
                    </testcase><testcase classname="cdme.compiler.PathCompilerSpec" name="REQ-F-TRV-001: OneToOne morphism stays Scalar context" time="0.0">
                      
                    </testcase><testcase classname="cdme.compiler.PathCompilerSpec" name="REQ-F-TRV-001: context lifting is tracked through path" time="0.0">
                      
                    </testcase><testcase classname="cdme.compiler.PathCompilerSpec" name="REQ-F-TRV-002: same-grain traversal is allowed" time="0.0">
                      
                    </testcase><testcase classname="cdme.compiler.PathCompilerSpec" name="REQ-F-TRV-002: finer-to-coarser with ManyToOne (aggregation) is allowed" time="0.0">
                      
                    </testcase><testcase classname="cdme.compiler.PathCompilerSpec" name="REQ-F-ACC-005: restricted morphism is invisible to unauthorized principal" time="0.003">
                      
                    </testcase><testcase classname="cdme.compiler.PathCompilerSpec" name="REQ-F-ACC-005: admin can access restricted morphism" time="0.001">
                      
                    </testcase><testcase classname="cdme.compiler.PathCompilerSpec" name="compiled path carries result type and grain" time="0.003">
                      
                    </testcase><testcase classname="cdme.compiler.PathCompilerSpec" name="PathExpression.show produces human-readable representation" time="0.0">
                      
                    </testcase>
          <system-out><![CDATA[]]></system-out>
          <system-err><![CDATA[]]></system-err>
        </testsuite>