<?xml version='1.0' encoding='UTF-8'?>
<testsuite hostname="MythagoForest.local" name="cdme.model.error.ErrorSpec" tests="17" errors="0" failures="0" skipped="0" time="0.04" timestamp="2026-02-20T20:07:30">
          <properties>
[...]
</properties>
          <testcase classname="cdme.model.error.ErrorSpec" name="REQ-F-ERR-002: ErrorObject contains all required metadata fields" time="0.022">
                      
                    </testcase><testcase classname="cdme.model.error.ErrorSpec" name="REQ-F-ERR-002: ErrorObject supports all constraint types" time="0.008">
                      
                    </testcase><testcase classname="cdme.model.error.ErrorSpec" name="REQ-F-ERR-002: ErrorObject details field is optional" time="0.001">
                      
                    </testcase><testcase classname="cdme.model.error.ErrorSpec" name="REQ-F-ERR-003: identical inputs produce identical error objects" time="0.001">
                      
                    </testcase><testcase classname="cdme.model.error.ErrorSpec" name="ValidationError: MorphismNotFound has name and message" time="0.001">
                      
                    </testcase><testcase classname="cdme.model.error.ErrorSpec" name="ValidationError: MorphismNotFound default message uses morphism name" time="0.003">
                      
                    </testcase><testcase classname="cdme.model.error.ErrorSpec" name="ValidationError: TypeMismatch carries message" time="0.001">
                      
                    </testcase><testcase classname="cdme.model.error.ErrorSpec" name="ValidationError: GrainViolation carries message" time="0.0">
                      
                    </testcase><testcase classname="cdme.model.error.ErrorSpec" name="ValidationError: AccessDenied carries principal and morphism info" time="0.001">
                      
                    </testcase><testcase classname="cdme.model.error.ErrorSpec" name="ValidationError: ContextViolation carries message" time="0.001">
                      
                    </testcase><testcase classname="cdme.model.error.ErrorSpec" name="ValidationError: BoundaryViolation carries message" time="0.0">
                      
                    </testcase><testcase classname="cdme.model.error.ErrorSpec" name="ValidationError: BudgetExceeded carries estimate and budget" time="0.0">
                      
                    </testcase><testcase classname="cdme.model.error.ErrorSpec" name="ValidationError: General carries arbitrary message" time="0.001">
                      
                    </testcase><testcase classname="cdme.model.error.ErrorSpec" name="ValidationError: all subtypes are sealed" time="0.0">
                      
                    </testcase><testcase classname="cdme.model.error.ErrorSpec" name="EntityId opaque type preserves value" time="0.0">
                      
                    </testcase><testcase classname="cdme.model.error.ErrorSpec" name="EpochId opaque type preserves value" time="0.0">
                      
                    </testcase><testcase classname="cdme.model.error.ErrorSpec" name="MorphismId opaque type preserves value" time="0.0">
                      
                    </testcase>
          <system-out><![CDATA[]]></system-out>
          <system-err><![CDATA[]]></system-err>
        </testsuite>