<?xml version='1.0' encoding='UTF-8'?>
<testsuite hostname="MythagoForest.local" name="cdme.model.category.CategorySpec" tests="21" errors="0" failures="0" skipped="0" time="0.11" timestamp="2026-02-20T20:07:30">
          <properties>
[...]
</properties>
          <testcase classname="cdme.model.category.CategorySpec" name="REQ-F-LDM-001: empty category has no entities or morphisms" time="0.013">
                      
                    </testcase><testcase classname="cdme.model.category.CategorySpec" name="REQ-F-LDM-001: entities are modelled as typed objects" time="0.002">
                      
                    </testcase><testcase classname="cdme.model.category.CategorySpec" name="REQ-F-LDM-001: identity morphism law - id . f = f for all morphisms f" time="0.077">
                      
                    </testcase><testcase classname="cdme.model.category.CategorySpec" name="REQ-F-LDM-001: identity morphism law - f . id = f for all morphisms f" time="0.002">
                      
                    </testcase><testcase classname="cdme.model.category.CategorySpec" name="REQ-F-LDM-001: associativity - h . (g . f) = (h . g) . f" time="0.001">
                      
                    </testcase><testcase classname="cdme.model.category.CategorySpec" name="REQ-F-LDM-001: category supports multiple morphisms between same entity pair (multigraph)" time="0.001">
                      
                    </testcase><testcase classname="cdme.model.category.CategorySpec" name="REQ-F-LDM-002: morphisms declare cardinality type" time="0.0">
                      
                    </testcase><testcase classname="cdme.model.category.CategorySpec" name="REQ-F-LDM-002: all cardinality types are expressible" time="0.001">
                      
                    </testcase><testcase classname="cdme.model.category.CategorySpec" name="addEntity succeeds for a new entity" time="0.0">
                      
                    </testcase><testcase classname="cdme.model.category.CategorySpec" name="addEntity fails for duplicate entity ID" time="0.001">
                      
                    </testcase><testcase classname="cdme.model.category.CategorySpec" name="addMorphism fails when domain entity does not exist" time="0.0">
                      
                    </testcase><testcase classname="cdme.model.category.CategorySpec" name="addMorphism fails when codomain entity does not exist" time="0.0">
                      
                    </testcase><testcase classname="cdme.model.category.CategorySpec" name="addMorphism fails for duplicate morphism ID" time="0.001">
                      
                    </testcase><testcase classname="cdme.model.category.CategorySpec" name="validate detects morphism referencing unknown domain entity" time="0.002">
                      
                    </testcase><testcase classname="cdme.model.category.CategorySpec" name="validate passes for a well-formed category" time="0.0">
                      
                    </testcase><testcase classname="cdme.model.category.CategorySpec" name="morphismsFrom returns morphisms originating from given entity" time="0.001">
                      
                    </testcase><testcase classname="cdme.model.category.CategorySpec" name="morphismsTo returns morphisms targeting given entity" time="0.001">
                      
                    </testcase><testcase classname="cdme.model.category.CategorySpec" name="findMorphism locates a specific morphism between entities" time="0.001">
                      
                    </testcase><testcase classname="cdme.model.category.CategorySpec" name="REQ-F-LDM-008: CategoryVersion produces content-addressed hash" time="0.004">
                      
                    </testcase><testcase classname="cdme.model.category.CategorySpec" name="REQ-F-LDM-008: identical categories produce identical content hashes" time="0.001">
                      
                    </testcase><testcase classname="cdme.model.category.CategorySpec" name="REQ-F-LDM-008: different categories produce different content hashes" time="0.001">
                      
                    </testcase>
          <system-out><![CDATA[]]></system-out>
          <system-err><![CDATA[]]></system-err>
        </testsuite>