<?xml version='1.0' encoding='UTF-8'?>
<testsuite hostname="MythagoForest.local" name="cdme.model.adjoint.AdjointSpec" tests="21" errors="0" failures="0" skipped="0" time="0.114" timestamp="2026-02-20T20:07:30">
          <properties>
[...]
</properties>
          <testcase classname="cdme.model.adjoint.AdjointSpec" name="REQ-F-ADJ-001: every adjoint morphism has forward and backward functions" time="0.019">
                      
                    </testcase><testcase classname="cdme.model.adjoint.AdjointSpec" name="REQ-F-ADJ-001: morphisms declare containment type" time="0.0">
                      
                    </testcase><testcase classname="cdme.model.adjoint.AdjointSpec" name="REQ-F-ADJ-002: isomorphic adjoint - backward(forward(x)) = x (exact round-trip)" time="0.077">
                      
                    </testcase><testcase classname="cdme.model.adjoint.AdjointSpec" name="REQ-F-ADJ-002: isomorphic adjoint has OneToOne cardinality" time="0.0">
                      
                    </testcase><testcase classname="cdme.model.adjoint.AdjointSpec" name="REQ-F-ADJ-003: preimage adjoint returns preimage set" time="0.003">
                      
                    </testcase><testcase classname="cdme.model.adjoint.AdjointSpec" name="REQ-F-ADJ-003: preimage containment - backward(forward(x)) &gt;= {x}" time="0.002">
                      
                    </testcase><testcase classname="cdme.model.adjoint.AdjointSpec" name="REQ-F-ADJ-004: kleisli adjoint expands one-to-many" time="0.001">
                      
                    </testcase><testcase classname="cdme.model.adjoint.AdjointSpec" name="REQ-F-ADJ-004: kleisli backward collects parent record" time="0.0">
                      
                    </testcase><testcase classname="cdme.model.adjoint.AdjointSpec" name="REQ-F-ADJ-005: aggregation adjoint stores reverse-join metadata" time="0.001">
                      
                    </testcase><testcase classname="cdme.model.adjoint.AdjointSpec" name="REQ-F-ADJ-005: ReverseJoinTable tracks contributing keys" time="0.002">
                      
                    </testcase><testcase classname="cdme.model.adjoint.AdjointSpec" name="REQ-F-ADJ-006: filter adjoint passes records meeting predicate" time="0.001">
                      
                    </testcase><testcase classname="cdme.model.adjoint.AdjointSpec" name="REQ-F-ADJ-006: filter backward includes filter metadata" time="0.0">
                      
                    </testcase><testcase classname="cdme.model.adjoint.AdjointSpec" name="REQ-F-ADJ-006: FilteredKeyStore tracks filtered-out keys" time="0.0">
                      
                    </testcase><testcase classname="cdme.model.adjoint.AdjointSpec" name="REQ-F-ADJ-007: composition of adjoints - forward is covariant g(f(x))" time="0.001">
                      
                    </testcase><testcase classname="cdme.model.adjoint.AdjointSpec" name="REQ-F-ADJ-007: composition of adjoints - backward is contravariant f-(g-(z))" time="0.001">
                      
                    </testcase><testcase classname="cdme.model.adjoint.AdjointSpec" name="REQ-F-ADJ-007: identity adjoint composition - id- = id" time="0.002">
                      
                    </testcase><testcase classname="cdme.model.adjoint.AdjointSpec" name="REQ-F-ADJ-007: composition rejects mismatched domain/codomain" time="0.0">
                      
                    </testcase><testcase classname="cdme.model.adjoint.AdjointSpec" name="REQ-F-ADJ-007: composed morphism has correct domain and codomain" time="0.0">
                      
                    </testcase><testcase classname="cdme.model.adjoint.AdjointSpec" name="REQ-F-ADJ-008: composed backward merges metadata" time="0.002">
                      
                    </testcase><testcase classname="cdme.model.adjoint.AdjointSpec" name="REQ-F-ADJ-002: property - isomorphic round-trip is exact for all integers" time="0.001">
                      
                    </testcase><testcase classname="cdme.model.adjoint.AdjointSpec" name="cardinality composition: OneToOne + X = X" time="0.001">
                      
                    </testcase>
          <system-out><![CDATA[]]></system-out>
          <system-err><![CDATA[]]></system-err>
        </testsuite>