<?xml version='1.0' encoding='UTF-8'?>
<testsuite hostname="MythagoForest.local" name="cdme.model.types.TypeSystemSpec" tests="28" errors="0" failures="0" skipped="0" time="0.037" timestamp="2026-02-20T20:07:30">
          <properties>
[...]
</properties>
          <testcase classname="cdme.model.types.TypeSystemSpec" name="REQ-F-TYP-001: all seven primitive types exist" time="0.013">
                      
                    </testcase><testcase classname="cdme.model.types.TypeSystemSpec" name="REQ-F-TYP-001: sum types represent tagged unions" time="0.002">
                      
                    </testcase><testcase classname="cdme.model.types.TypeSystemSpec" name="REQ-F-TYP-001: product types represent named records" time="0.001">
                      
                    </testcase><testcase classname="cdme.model.types.TypeSystemSpec" name="REQ-F-TYP-001: unnamed product types display field structure" time="0.001">
                      
                    </testcase><testcase classname="cdme.model.types.TypeSystemSpec" name="REQ-F-TYP-001: nested type composition" time="0.001">
                      
                    </testcase><testcase classname="cdme.model.types.TypeSystemSpec" name="REQ-F-TYP-002: refinement type has base type and predicate description" time="0.001">
                      
                    </testcase><testcase classname="cdme.model.types.TypeSystemSpec" name="REQ-F-TYP-002: refinement predicate evaluates correctly at runtime" time="0.008">
                      
                    </testcase><testcase classname="cdme.model.types.TypeSystemSpec" name="REQ-F-TYP-002: refinement types compose with other type constructors" time="0.001">
                      
                    </testcase><testcase classname="cdme.model.types.TypeSystemSpec" name="REQ-F-TYP-003: type unification rejects incompatible types" time="0.004">
                      
                    </testcase><testcase classname="cdme.model.types.TypeSystemSpec" name="REQ-F-TYP-003: type unification rejects Int-to-Long without explicit morphism" time="0.001">
                      
                    </testcase><testcase classname="cdme.model.types.TypeSystemSpec" name="REQ-BR-TYP-001: type unification error message mentions explicit ConversionMorphism" time="0.0">
                      
                    </testcase><testcase classname="cdme.model.types.TypeSystemSpec" name="REQ-F-TYP-004: exact type match allows composition" time="0.0">
                      
                    </testcase><testcase classname="cdme.model.types.TypeSystemSpec" name="REQ-F-TYP-004: subtype relationship allows composition" time="0.0">
                      
                    </testcase><testcase classname="cdme.model.types.TypeSystemSpec" name="REQ-F-TYP-004: OptionType unification recurses into inner types" time="0.0">
                      
                    </testcase><testcase classname="cdme.model.types.TypeSystemSpec" name="REQ-F-TYP-004: ListType unification recurses into element types" time="0.0">
                      
                    </testcase><testcase classname="cdme.model.types.TypeSystemSpec" name="REQ-F-TYP-004: ProductType unification checks all fields" time="0.001">
                      
                    </testcase><testcase classname="cdme.model.types.TypeSystemSpec" name="REQ-F-TYP-004: ProductType unification rejects missing fields" time="0.0">
                      
                    </testcase><testcase classname="cdme.model.types.TypeSystemSpec" name="REQ-F-TYP-005: semantic types wrap base types with domain tag" time="0.001">
                      
                    </testcase><testcase classname="cdme.model.types.TypeSystemSpec" name="REQ-F-TYP-005: same semantic tag unifies successfully" time="0.0">
                      
                    </testcase><testcase classname="cdme.model.types.TypeSystemSpec" name="REQ-F-TYP-005: different semantic tags reject unification" time="0.0">
                      
                    </testcase><testcase classname="cdme.model.types.TypeSystemSpec" name="SubtypeRegistry: empty registry has no relationships" time="0.0">
                      
                    </testcase><testcase classname="cdme.model.types.TypeSystemSpec" name="SubtypeRegistry: reflexive - every type is a subtype of itself" time="0.0">
                      
                    </testcase><testcase classname="cdme.model.types.TypeSystemSpec" name="SubtypeRegistry: declare establishes subtype relationship" time="0.0">
                      
                    </testcase><testcase classname="cdme.model.types.TypeSystemSpec" name="SubtypeRegistry: transitive subtype chain" time="0.0">
                      
                    </testcase><testcase classname="cdme.model.types.TypeSystemSpec" name="SubtypeRegistry: cycle detection rejects circular subtype declarations" time="0.0">
                      
                    </testcase><testcase classname="cdme.model.types.TypeSystemSpec" name="SubtypeRegistry: supertypesOf returns all declared supertypes" time="0.001">
                      
                    </testcase><testcase classname="cdme.model.types.TypeSystemSpec" name="isCompatible returns true for compatible types" time="0.0">
                      
                    </testcase><testcase classname="cdme.model.types.TypeSystemSpec" name="isCompatible returns false for incompatible types" time="0.001">
                      
                    </testcase>
          <system-out><![CDATA[]]></system-out>
          <system-err><![CDATA[]]></system-err>
        </testsuite>