<?xml version='1.0' encoding='UTF-8'?>
<testsuite hostname="MythagoForest.local" name="cdme.acceptance.AcceptanceCriteriaSpec" tests="16" errors="0" failures="0" skipped="0" time="0.127" timestamp="2026-02-20T20:07:30">
          <properties>
[...]
</properties>
          <testcase classname="cdme.acceptance.AcceptanceCriteriaSpec" name="AC-CDME-001: LDM is represented as a category with identity and associativity laws" time="0.099">
                      
                    </testcase><testcase classname="cdme.acceptance.AcceptanceCriteriaSpec" name="AC-CDME-002: path validation catches missing morphisms at definition time" time="0.007">
                      
                    </testcase><testcase classname="cdme.acceptance.AcceptanceCriteriaSpec" name="AC-CDME-002: path validation catches missing entity at definition time" time="0.0">
                      
                    </testcase><testcase classname="cdme.acceptance.AcceptanceCriteriaSpec" name="AC-CDME-003: grain safety violations are rejected at definition time" time="0.0">
                      
                    </testcase><testcase classname="cdme.acceptance.AcceptanceCriteriaSpec" name="AC-CDME-003: coarser-to-finer aggregation is rejected" time="0.0">
                      
                    </testcase><testcase classname="cdme.acceptance.AcceptanceCriteriaSpec" name="AC-CDME-004: identical inputs + config produce identical outputs" time="0.003">
                      
                    </testcase><testcase classname="cdme.acceptance.AcceptanceCriteriaSpec" name="AC-CDME-004: category version hash is deterministic" time="0.005">
                      
                    </testcase><testcase classname="cdme.acceptance.AcceptanceCriteriaSpec" name="AC-CDME-005: zero implicit type conversions -- all conversions must be named morphisms" time="0.002">
                      
                    </testcase><testcase classname="cdme.acceptance.AcceptanceCriteriaSpec" name="AC-CDME-006: all failures routed via Either monad; no silent record drops" time="0.001">
                      
                    </testcase><testcase classname="cdme.acceptance.AcceptanceCriteriaSpec" name="AC-CDME-007: every morphism implements Adjoint interface with containment laws" time="0.001">
                      
                    </testcase><testcase classname="cdme.acceptance.AcceptanceCriteriaSpec" name="AC-CDME-008: |input| = |processed| + |filtered| + |errored| for every run" time="0.003">
                      
                    </testcase><testcase classname="cdme.acceptance.AcceptanceCriteriaSpec" name="AC-CDME-009: every target value traces to source epoch, entity, and morphism path" time="0.0">
                      
                    </testcase><testcase classname="cdme.acceptance.AcceptanceCriteriaSpec" name="AC-CDME-009: adjoint backward result carries traceability metadata" time="0.003">
                      
                    </testcase><testcase classname="cdme.acceptance.AcceptanceCriteriaSpec" name="AC-CDME-010: AI-generated mappings pass identical validation as human mappings" time="0.001">
                      
                    </testcase><testcase classname="cdme.acceptance.AcceptanceCriteriaSpec" name="AC-CDME-011: zero silent data loss across all runs" time="0.001">
                      
                    </testcase><testcase classname="cdme.acceptance.AcceptanceCriteriaSpec" name="AC-CDME-011: filter adjoint captures filtered records, not silently dropping them" time="0.001">
                      
                    </testcase>
          <system-out><![CDATA[]]></system-out>
          <system-err><![CDATA[]]></system-err>
        </testsuite>