<?xml version='1.0' encoding='UTF-8'?>
<testsuite hostname="MythagoForest.local" name="cdme.UATSpec" tests="33" errors="0" failures="0" skipped="0" time="0.06" timestamp="2025-12-11T00:46:20">
          <properties>
[...]
</properties>
          <testcase classname="cdme.UATSpec" name="Feature: UAT-001: Schema Registry Setup Scenario: User registers valid entities with physical bindings" time="0.018">
                      
                    </testcase><testcase classname="cdme.UATSpec" name="Feature: UAT-001: Schema Registry Setup Scenario: User queries for non-existent entity" time="0.001">
                      
                    </testcase><testcase classname="cdme.UATSpec" name="Feature: UAT-002: Relationship Path Validation Scenario: User validates a correct relationship path" time="0.009">
                      
                    </testcase><testcase classname="cdme.UATSpec" name="Feature: UAT-002: Relationship Path Validation Scenario: User validates path with invalid relationship" time="0.001">
                      
                    </testcase><testcase classname="cdme.UATSpec" name="Feature: UAT-002: Relationship Path Validation Scenario: User validates path with invalid attribute" time="0.0">
                      
                    </testcase><testcase classname="cdme.UATSpec" name="Feature: UAT-003: Simple Mapping Compilation Scenario: User compiles a simple entity-to-entity mapping" time="0.006">
                      
                    </testcase><testcase classname="cdme.UATSpec" name="Feature: UAT-004: Grain Safety Enforcement Scenario: User attempts grain coarsening without aggregation" time="0.002">
                      
                    </testcase><testcase classname="cdme.UATSpec" name="Feature: UAT-004: Grain Safety Enforcement Scenario: User performs grain coarsening with proper aggregation" time="0.0">
                      
                    </testcase><testcase classname="cdme.UATSpec" name="Feature: UAT-004: Grain Safety Enforcement Scenario: User performs same-grain transformation" time="0.0">
                      
                    </testcase><testcase classname="cdme.UATSpec" name="Feature: UAT-005: Filter Morphism Definition Scenario: User creates a mapping with filter morphism" time="0.002">
                      
                    </testcase><testcase classname="cdme.UATSpec" name="Feature: UAT-006: Aggregation Mapping Scenario: User creates order summary with aggregations" time="0.001">
                      
                    </testcase><testcase classname="cdme.UATSpec" name="Feature: UAT-007: Clear Error Messages Scenario: User references non-existent source entity" time="0.002">
                      
                    </testcase><testcase classname="cdme.UATSpec" name="Feature: UAT-007: Clear Error Messages Scenario: User uses invalid attribute path in projection" time="0.0">
                      
                    </testcase><testcase classname="cdme.UATSpec" name="Feature: UAT-008: Chained Morphisms Scenario: User creates pipeline with filter-filter-aggregate chain" time="0.002">
                      
                    </testcase><testcase classname="cdme.UATSpec" name="Feature: UAT-009: Relationship Traversal in Projections Scenario: User projects attribute from related entity" time="0.001">
                      
                    </testcase><testcase classname="cdme.UATSpec" name="Feature: UAT-010: Consistent Error Typing Scenario: Compilation error has correct error type" time="0.0">
                      
                    </testcase><testcase classname="cdme.UATSpec" name="Feature: UAT-010: Consistent Error Typing Scenario: Grain safety error has correct error type" time="0.0">
                      
                    </testcase><testcase classname="cdme.UATSpec" name="Feature: UAT-011: Window Functions and Temporal Aggregations Scenario: User creates mapping with window function morphism" time="0.0">
                      
                    </testcase><testcase classname="cdme.UATSpec" name="Feature: UAT-011: Window Functions and Temporal Aggregations Scenario: User creates ranking window function" time="0.002">
                      
                    </testcase><testcase classname="cdme.UATSpec" name="Feature: UAT-012: Data Quality Validations Scenario: User defines NOT NULL validation for required field" time="0.003">
                      
                    </testcase><testcase classname="cdme.UATSpec" name="Feature: UAT-012: Data Quality Validations Scenario: User defines RANGE validation for numeric field" time="0.002">
                      
                    </testcase><testcase classname="cdme.UATSpec" name="Feature: UAT-012: Data Quality Validations Scenario: User defines PATTERN validation for string format" time="0.001">
                      
                    </testcase><testcase classname="cdme.UATSpec" name="Feature: UAT-013: Performance with Large Datasets Scenario: User configures BATCH execution mode" time="0.0">
                      
                    </testcase><testcase classname="cdme.UATSpec" name="Feature: UAT-013: Performance with Large Datasets Scenario: User configures STREAM execution mode" time="0.0">
                      
                    </testcase><testcase classname="cdme.UATSpec" name="Feature: UAT-013: Performance with Large Datasets Scenario: User configures output paths for partitioned writes" time="0.0">
                      
                    </testcase><testcase classname="cdme.UATSpec" name="Feature: UAT-014: Error Recovery and Retry Logic Scenario: User configures error threshold percentage" time="0.002">
                      
                    </testcase><testcase classname="cdme.UATSpec" name="Feature: UAT-014: Error Recovery and Retry Logic Scenario: User configures strict zero-tolerance error threshold" time="0.0">
                      
                    </testcase><testcase classname="cdme.UATSpec" name="Feature: UAT-014: Error Recovery and Retry Logic Scenario: User creates CDME error with full context" time="0.001">
                      
                    </testcase><testcase classname="cdme.UATSpec" name="Feature: UAT-014: Error Recovery and Retry Logic Scenario: User creates DLQ (dead letter queue) error record" time="0.002">
                      
                    </testcase><testcase classname="cdme.UATSpec" name="Feature: UAT-015: Configuration Validation Edge Cases Scenario: User provides empty mapping name" time="0.0">
                      
                    </testcase><testcase classname="cdme.UATSpec" name="Feature: UAT-015: Configuration Validation Edge Cases Scenario: User provides empty projections list" time="0.001">
                      
                    </testcase><testcase classname="cdme.UATSpec" name="Feature: UAT-015: Configuration Validation Edge Cases Scenario: User provides mapping with only optional fields" time="0.001">
                      
                    </testcase><testcase classname="cdme.UATSpec" name="Feature: UAT-015: Configuration Validation Edge Cases Scenario: User configures epoch variable in source path" time="0.0">
                      
                    </testcase>
          <system-out><![CDATA[]]></system-out>
          <system-err><![CDATA[]]></system-err>
        </testsuite>